<?xml version="1.0" encoding="UTF-8"?>
<testsuite name="fiuba.RunFeatureTest" time="0.011" tests="16" errors="0" skipped="0" failures="0">
  <properties>
[...]
</properties>
  <testcase name="Dado que mi caja de ahorro tiene un saldo de &quot;100&quot; pesos" classname="Escenario: Caja de ahorro con saldo suficiente" time="0.001"/>
  <testcase name="Cuando cuando debito &quot;50&quot; pesos" classname="Escenario: Caja de ahorro con saldo suficiente" time="0"/>
  <testcase name="Entonces el saldo final es de &quot;50&quot; pesos" classname="Escenario: Caja de ahorro con saldo suficiente" time="0"/>
  <testcase name="Escenario: Caja de ahorro con saldo suficiente" classname="Escenario: Caja de ahorro con saldo suficiente" time="0"/>
  <testcase name="Dado que mi caja de ahorro tiene un saldo de &quot;10&quot; pesos" classname="Escenario: Caja de ahorro sin saldo suficiente" time="0.001"/>
  <testcase name="Cuando cuando debito &quot;20&quot; pesos" classname="Escenario: Caja de ahorro sin saldo suficiente" time="0.001"/>
  <testcase name="Entonces la operacion es rechazada y el saldo final es &quot;10&quot; pesos" classname="Escenario: Caja de ahorro sin saldo suficiente" time="0.001"/>
  <testcase name="Escenario: Caja de ahorro sin saldo suficiente" classname="Escenario: Caja de ahorro sin saldo suficiente" time="0.004"/>
  <testcase name="Dado un empleado y una tarea asignada" classname="Escenario: Un empleado cambia el estado de una tarea" time="0"/>
  <testcase name="Cuando el empleado cambia el estado de la tarea" classname="Escenario: Un empleado cambia el estado de una tarea" time="0"/>
  <testcase name="Entonces la tarea queda con el estado actualizado" classname="Escenario: Un empleado cambia el estado de una tarea" time="0.001"/>
  <testcase name="Escenario: Un empleado cambia el estado de una tarea" classname="Escenario: Un empleado cambia el estado de una tarea" time="0.001"/>
  <testcase name="Dado un empleado y una tarea que no le pertenece" classname="Escenario: Un empleado intenta cambiar el estado de una tarea que no le pertenece" time="0"/>
  <testcase name="Cuando el empleado cambia el estado de la tarea" classname="Escenario: Un empleado intenta cambiar el estado de una tarea que no le pertenece" time="0"/>
  <testcase name="Entonces la tarea queda con el estado anterior" classname="Escenario: Un empleado intenta cambiar el estado de una tarea que no le pertenece" time="0"/>
  <testcase name="Escenario: Un empleado intenta cambiar el estado de una tarea que no le pertenece" classname="Escenario: Un empleado intenta cambiar el estado de una tarea que no le pertenece" time="0.001"/>
</testsuite>